<?xml version="1.0" encoding="UTF-8"?>
<!-- Generated by org.testng.reporters.JUnitXMLReporter -->
<testsuite ignored="0" hostname="DESKTOP-PORQCT3" failures="0" tests="5" name="Default test" time="14.629" errors="0" timestamp="2023-02-05T23:59:27 IST">
  <testcase classname="test.EPS2" name="verifytheStatusCode" time="5.886"/>
  <testcase classname="test.EPS2" name="verifyStatusLine" time="1.933"/>
  <testcase classname="test.EPS2" name="verifyStatuResponseTime" time="2.14"/>
  <testcase classname="test.EPS2" name="verifyInvalidAuth" time="1.943"/>
  <testcase classname="test.EPS2" name="verifyNo4Region" time="2.514"/>
</testsuite> <!-- Default test -->
