<?xml version="1.0" encoding="UTF-8"?>
<testng-results ignored="0" total="5" passed="5" failed="0" skipped="0">
  <reporter-output>
  </reporter-output>
  <suite started-at="2023-02-05T23:59:13 IST" name="Default suite" finished-at="2023-02-05T23:59:27 IST" duration-ms="14629">
    <groups>
    </groups>
    <test started-at="2023-02-05T23:59:13 IST" name="Default test" finished-at="2023-02-05T23:59:27 IST" duration-ms="14629">
      <class name="test.EPS2">
        <test-method signature="verifytheStatusCode()[pri:1, instance:test.EPS2@7d4f9aae]" started-at="2023-02-05T23:59:13 IST" name="verifytheStatusCode" finished-at="2023-02-05T23:59:19 IST" duration-ms="5886" status="PASS">
          <reporter-output>
          </reporter-output>
        </test-method> <!-- verifytheStatusCode -->
        <test-method signature="verifyStatusLine()[pri:2, instance:test.EPS2@7d4f9aae]" started-at="2023-02-05T23:59:19 IST" name="verifyStatusLine" finished-at="2023-02-05T23:59:21 IST" duration-ms="1933" status="PASS">
          <reporter-output>
          </reporter-output>
        </test-method> <!-- verifyStatusLine -->
        <test-method signature="verifyStatuResponseTime()[pri:3, instance:test.EPS2@7d4f9aae]" started-at="2023-02-05T23:59:21 IST" name="verifyStatuResponseTime" finished-at="2023-02-05T23:59:23 IST" duration-ms="2140" status="PASS">
          <reporter-output>
          </reporter-output>
        </test-method> <!-- verifyStatuResponseTime -->
        <test-method signature="verifyInvalidAuth()[pri:4, instance:test.EPS2@7d4f9aae]" started-at="2023-02-05T23:59:23 IST" name="verifyInvalidAuth" finished-at="2023-02-05T23:59:25 IST" duration-ms="1943" status="PASS">
          <reporter-output>
          </reporter-output>
        </test-method> <!-- verifyInvalidAuth -->
        <test-method signature="verifyNo4Region()[pri:5, instance:test.EPS2@7d4f9aae]" started-at="2023-02-05T23:59:25 IST" name="verifyNo4Region" finished-at="2023-02-05T23:59:27 IST" duration-ms="2514" status="PASS">
          <reporter-output>
          </reporter-output>
        </test-method> <!-- verifyNo4Region -->
      </class> <!-- test.EPS2 -->
    </test> <!-- Default test -->
  </suite> <!-- Default suite -->
</testng-results>
